<?xml version="1.0" encoding="UTF-8"?>
<!-- Generated by org.testng.reporters.JUnitReportReporter -->
<testsuite name="tests.BaseTest" tests="1" time="40.605" ignored="0" failures="0" timestamp="07 Dec 2020 18:50:40 GMT" skipped="0" hostname="LAPTOP-SCNQ620R" errors="0">
  <testcase name="sample" time="40.605" classname="tests.BaseTest"/>
</testsuite> <!-- tests.BaseTest -->
