<?xml version="1.0" encoding="UTF-8"?>
<!-- Generated by org.testng.reporters.JUnitReportReporter -->
<testsuite name="tests.SampleTest" tests="1" time="95.854" ignored="0" failures="0" timestamp="12 Dec 2020 18:14:09 GMT" skipped="0" hostname="LAPTOP-SCNQ620R" errors="0">
  <testcase name="ValidatingCartProductDetails" time="95.854" classname="tests.SampleTest"/>
</testsuite> <!-- tests.SampleTest -->
