<?xml version="1.0" encoding="UTF-8"?>
<!-- Generated by org.testng.reporters.JUnitReportReporter -->
<testsuite name="tests.SampleTest" tests="1" time="90.785" ignored="0" failures="0" timestamp="09 Dec 2020 06:46:46 GMT" skipped="0" hostname="LAPTOP-SCNQ620R" errors="0">
  <testcase name="demoTest" time="90.785" classname="tests.SampleTest"/>
</testsuite> <!-- tests.SampleTest -->
