<?xml version="1.0" encoding="UTF-8"?>
<!-- Generated by org.testng.reporters.JUnitReportReporter -->
<testsuite name="tests.SampleTest" tests="1" time="93.567" ignored="0" failures="0" timestamp="10 Dec 2020 13:33:03 GMT" skipped="0" hostname="LAPTOP-SCNQ620R" errors="0">
  <testcase name="ValidatingCartProductDetails" time="93.567" classname="tests.SampleTest"/>
</testsuite> <!-- tests.SampleTest -->
